------------------------------------------
Welcome to SCETlib -- Don't Stop Resummin'
------------------------------------------
SCETlib version      c702f44

Read runcard inclusive_Z_MSHT20an3lo_nplambda_N3LLp.ini
Using custom EW parameters.
Calculating central values only (no variations config file found).

Started job on Tue Mar 12 21:16:10 2024
Machine:              lxplus8s10.cern.ch
Number of threads:    40
Number of CUBA cores: 1
   Finished Q = { 66.000000,  116.000000}, Y = {-2.500000,  2.500000}, qT = { 6.000000,  8.000000} in     136s. Obtained xsec =        65.9711994727 +-         0.0064353286.
   Finished Q = { 66.000000,  116.000000}, Y = {-2.500000,  2.500000}, qT = { 8.000000,  10.000000} in     160s. Obtained xsec =        56.6218457502 +-         0.0053651693.
   Finished Q = { 66.000000,  116.000000}, Y = {-2.500000,  2.500000}, qT = { 4.000000,  6.000000} in     160s. Obtained xsec =        74.9711024613 +-         0.0074003884.
   Finished Q = { 66.000000,  116.000000}, Y = {-2.500000,  2.500000}, qT = { 14.000000,  16.000000} in     169s. Obtained xsec =        35.2486393670 +-         0.0034090530.
   Finished Q = { 66.000000,  116.000000}, Y = {-2.500000,  2.500000}, qT = { 36.000000,  39.000000} in     177s. Obtained xsec =        12.1482276853 +-         0.0012104671.
   Finished Q = { 66.000000,  116.000000}, Y = {-2.500000,  2.500000}, qT = { 12.000000,  14.000000} in     179s. Obtained xsec =        41.1334009987 +-         0.0040267312.
   Finished Q = { 66.000000,  116.000000}, Y = {-2.500000,  2.500000}, qT = { 10.000000,  12.000000} in     186s. Obtained xsec =        48.2325740263 +-         0.0045493109.
   Finished Q = { 66.000000,  116.000000}, Y = {-2.500000,  2.500000}, qT = { 33.000000,  36.000000} in     187s. Obtained xsec =        14.4715001527 +-         0.0014058801.
   Finished Q = { 66.000000,  116.000000}, Y = {-2.500000,  2.500000}, qT = { 16.000000,  18.000000} in     187s. Obtained xsec =        30.3447535919 +-         0.0029737690.
   Finished Q = { 66.000000,  116.000000}, Y = {-2.500000,  2.500000}, qT = { 30.000000,  33.000000} in     188s. Obtained xsec =        17.3134791717 +-         0.0017047399.
   Finished Q = { 66.000000,  116.000000}, Y = {-2.500000,  2.500000}, qT = { 18.000000,  20.000000} in     190s. Obtained xsec =        26.2391310913 +-         0.0025478949.
   Finished Q = { 66.000000,  116.000000}, Y = {-2.500000,  2.500000}, qT = { 39.000000,  42.000000} in     192s. Obtained xsec =        10.2392088972 +-         0.0010107952.
   Finished Q = { 66.000000,  116.000000}, Y = {-2.500000,  2.500000}, qT = { 42.000000,  45.000000} in     211s. Obtained xsec =         8.6462366516 +-         0.0008415106.
   Finished Q = { 66.000000,  116.000000}, Y = {-2.500000,  2.500000}, qT = { 45.000000,  48.000000} in     213s. Obtained xsec =         7.3035407757 +-         0.0007248530.
   Finished Q = { 66.000000,  116.000000}, Y = {-2.500000,  2.500000}, qT = { 22.500000,  25.000000} in     216s. Obtained xsec =        23.5672410236 +-         0.0023461921.
   Finished Q = { 66.000000,  116.000000}, Y = {-2.500000,  2.500000}, qT = { 51.000000,  54.000000} in     224s. Obtained xsec =         5.2174543657 +-         0.0005215059.
   Finished Q = { 66.000000,  116.000000}, Y = {-2.500000,  2.500000}, qT = { 20.000000,  22.500000} in     230s. Obtained xsec =        27.9757379513 +-         0.0027318814.
   Finished Q = { 66.000000,  116.000000}, Y = {-2.500000,  2.500000}, qT = { 80.000000,  85.000000} in     232s. Obtained xsec =         1.9707227186 +-         0.0001891055.
   Finished Q = { 66.000000,  116.000000}, Y = {-2.500000,  2.500000}, qT = { 54.000000,  57.000000} in     246s. Obtained xsec =         4.4829309294 +-         0.0004469174.
   Finished Q = { 66.000000,  116.000000}, Y = {-2.500000,  2.500000}, qT = { 48.000000,  51.000000} in     268s. Obtained xsec =         6.1581078965 +-         0.0006141070.
   Finished Q = { 66.000000,  116.000000}, Y = {-2.500000,  2.500000}, qT = { 1.000000,  2.000000} in     280s. Obtained xsec =        26.0567960887 +-         0.0025886156.
   Finished Q = { 66.000000,  116.000000}, Y = {-2.500000,  2.500000}, qT = { 2.000000,  4.000000} in     288s. Obtained xsec =        74.6873944617 +-         0.0073279562.
   Finished Q = { 66.000000,  116.000000}, Y = {-2.500000,  2.500000}, qT = { 70.000000,  75.000000} in     288s. Obtained xsec =         3.3865589963 +-         0.0003307261.
   Finished Q = { 66.000000,  116.000000}, Y = {-2.500000,  2.500000}, qT = { 105.000000,  125.000000} in     292s. Obtained xsec =        -3.0238185373 +-         0.0002986318.
   Finished Q = { 66.000000,  116.000000}, Y = {-2.500000,  2.500000}, qT = { 75.000000,  80.000000} in     293s. Obtained xsec =         2.6257567062 +-         0.0002579660.
   Finished Q = { 66.000000,  116.000000}, Y = {-2.500000,  2.500000}, qT = { 57.000000,  61.000000} in     295s. Obtained xsec =         5.0672728435 +-         0.0005021307.
   Finished Q = { 66.000000,  116.000000}, Y = {-2.500000,  2.500000}, qT = { 95.000000,  105.000000} in     313s. Obtained xsec =         0.4938244776 +-         0.0000484397.
   Finished Q = { 66.000000,  116.000000}, Y = {-2.500000,  2.500000}, qT = { 65.000000,  70.000000} in     320s. Obtained xsec =         4.2908160184 +-         0.0004242479.
   Finished Q = { 66.000000,  116.000000}, Y = {-2.500000,  2.500000}, qT = { 85.000000,  95.000000} in     345s. Obtained xsec =         2.2812905725 +-         0.0002269925.
   Finished Q = { 66.000000,  116.000000}, Y = {-2.500000,  2.500000}, qT = { 0.000000,  1.000000} in     362s. Obtained xsec =         9.6883311576 +-         0.0009679638.
   Finished Q = { 66.000000,  116.000000}, Y = {-2.500000,  2.500000}, qT = { 61.000000,  65.000000} in     371s. Obtained xsec =         4.2163245858 +-         0.0004213902.
   Finished Q = { 66.000000,  116.000000}, Y = {-2.500000,  2.500000}, qT = { 25.000000,  27.500000} in     444s. Obtained xsec =        20.0059576759 +-         0.0019921886.
   Finished Q = { 66.000000,  116.000000}, Y = {-2.500000,  2.500000}, qT = { 27.500000,  30.000000} in     579s. Obtained xsec =        17.0827991633 +-         0.0017065311.
Finished evaluation. Took 579s = 0.16090728090869055h on 40 kernels.
Writing out results ...
Finished job on Tue Mar 12 21:25:49 2024 on machine lxplus8s10.cern.ch
